[2019-03-07 20:33:13] event.DEBUG: Notified event "kernel.request" to listener "Symfony\Bundle\FrameworkBundle\EventListener\SessionListener::onKernelRequest". [] []
[2019-03-07 20:33:13] event.DEBUG: Notified event "kernel.request" to listener "Symfony\Component\HttpKernel\EventListener\FragmentListener::onKernelRequest". [] []
[2019-03-07 20:33:13] event.DEBUG: Notified event "kernel.request" to listener "Symfony\Component\HttpKernel\EventListener\RouterListener::onKernelRequest". [] []
[2019-03-07 20:33:13] event.DEBUG: Notified event "kernel.exception" to listener "Symfony\Component\HttpKernel\EventListener\ExceptionListener::onKernelException". [] []
[2019-03-07 20:33:13] request.ERROR: Uncaught PHP Exception Symfony\Component\HttpKernel\Exception\NotFoundHttpException: "No route found for "GET /bundles/ccc/js/assets/fullcalendar/fullcalendar/fullcalendar.js"" at F:\xampp\htdocs\ofertas\vendor\symfony\symfony\src\Symfony\Component\HttpKernel\EventListener\RouterListener.php line 116 {"exception":"[object] (Symfony\\Component\\HttpKernel\\Exception\\NotFoundHttpException: No route found for \"GET /bundles/ccc/js/assets/fullcalendar/fullcalendar/fullcalendar.js\" at F:\\xampp\\htdocs\\ofertas\\vendor\\symfony\\symfony\\src\\Symfony\\Component\\HttpKernel\\EventListener\\RouterListener.php:116, Symfony\\Component\\Routing\\Exception\\ResourceNotFoundException:  at F:\\xampp\\htdocs\\ofertas\\app\\cache\\prod\\appProdUrlMatcher.php:983)"} []
[2019-03-07 20:33:13] event.DEBUG: Notified event "kernel.request" to listener "closure". [] []
[2019-03-07 20:33:13] event.DEBUG: Notified event "kernel.request" to listener "Symfony\Bundle\FrameworkBundle\EventListener\SessionListener::onKernelRequest". [] []
[2019-03-07 20:33:13] event.DEBUG: Notified event "kernel.request" to listener "closure". [] []
[2019-03-07 20:33:13] event.DEBUG: Notified event "kernel.request" to listener "Symfony\Component\HttpKernel\EventListener\FragmentListener::onKernelRequest". [] []
[2019-03-07 20:33:13] event.DEBUG: Notified event "kernel.request" to listener "closure". [] []
[2019-03-07 20:33:13] event.DEBUG: Notified event "kernel.request" to listener "Symfony\Component\HttpKernel\EventListener\RouterListener::onKernelRequest". [] []
[2019-03-07 20:33:13] event.DEBUG: Notified event "kernel.request" to listener "closure". [] []
[2019-03-07 20:33:13] event.DEBUG: Notified event "kernel.request" to listener "Symfony\Component\HttpKernel\EventListener\LocaleListener::onKernelRequest". [] []
[2019-03-07 20:33:13] event.DEBUG: Notified event "kernel.request" to listener "closure". [] []
[2019-03-07 20:33:13] event.DEBUG: Notified event "kernel.request" to listener "Symfony\Component\Security\Http\Firewall::onKernelRequest". [] []
[2019-03-07 20:33:13] event.DEBUG: Notified event "kernel.request" to listener "closure". [] []
[2019-03-07 20:33:13] event.DEBUG: Notified event "kernel.request" to listener "Symfony\Component\HttpKernel\EventListener\ErrorsLoggerListener::injectLogger". [] []
[2019-03-07 20:33:13] event.DEBUG: Notified event "kernel.request" to listener "closure". [] []
[2019-03-07 20:33:13] event.DEBUG: Notified event "kernel.request" to listener "Symfony\Component\HttpKernel\EventListener\ErrorsLoggerListener::injectLogger". [] []
[2019-03-07 20:33:13] event.DEBUG: Notified event "kernel.controller" to listener "Sensio\Bundle\FrameworkExtraBundle\EventListener\ControllerListener::onKernelController". [] []
[2019-03-07 20:33:13] event.DEBUG: Notified event "kernel.controller" to listener "Sensio\Bundle\FrameworkExtraBundle\EventListener\ParamConverterListener::onKernelController". [] []
[2019-03-07 20:33:13] event.DEBUG: Notified event "kernel.controller" to listener "Sensio\Bundle\FrameworkExtraBundle\EventListener\TemplateListener::onKernelController". [] []
[2019-03-07 20:33:13] event.DEBUG: Notified event "kernel.response" to listener "Symfony\Component\HttpKernel\EventListener\ResponseListener::onKernelResponse". [] []
[2019-03-07 20:33:13] event.DEBUG: Notified event "kernel.response" to listener "Symfony\Component\Security\Http\RememberMe\ResponseListener::onKernelResponse". [] []
[2019-03-07 20:33:13] event.DEBUG: Notified event "kernel.response" to listener "Sensio\Bundle\FrameworkExtraBundle\EventListener\CacheListener::onKernelResponse". [] []
[2019-03-07 20:33:13] event.DEBUG: Notified event "kernel.response" to listener "Symfony\Component\HttpKernel\EventListener\StreamedResponseListener::onKernelResponse". [] []
[2019-03-07 20:33:13] event.DEBUG: Listener "Symfony\Component\HttpKernel\EventListener\ExceptionListener::onKernelException" stopped propagation of the event "kernel.exception". [] []
[2019-03-07 20:33:13] event.DEBUG: Notified event "kernel.response" to listener "Symfony\Component\HttpKernel\EventListener\ResponseListener::onKernelResponse". [] []
[2019-03-07 20:33:13] event.DEBUG: Notified event "kernel.response" to listener "Symfony\Component\Security\Http\RememberMe\ResponseListener::onKernelResponse". [] []
[2019-03-07 20:33:13] event.DEBUG: Notified event "kernel.response" to listener "Sensio\Bundle\FrameworkExtraBundle\EventListener\CacheListener::onKernelResponse". [] []
[2019-03-07 20:33:13] event.DEBUG: Notified event "kernel.response" to listener "Symfony\Component\HttpKernel\EventListener\StreamedResponseListener::onKernelResponse". [] []
[2019-03-07 20:33:14] event.DEBUG: Notified event "kernel.terminate" to listener "Symfony\Bundle\SwiftmailerBundle\EventListener\EmailSenderListener::onKernelTerminate". [] []
[2019-03-07 20:33:20] event.DEBUG: Notified event "kernel.request" to listener "Symfony\Bundle\FrameworkBundle\EventListener\SessionListener::onKernelRequest". [] []
[2019-03-07 20:33:20] event.DEBUG: Notified event "kernel.request" to listener "Symfony\Component\HttpKernel\EventListener\FragmentListener::onKernelRequest". [] []
[2019-03-07 20:33:20] event.DEBUG: Notified event "kernel.request" to listener "Symfony\Component\HttpKernel\EventListener\RouterListener::onKernelRequest". [] []
[2019-03-07 20:33:20] event.DEBUG: Notified event "kernel.exception" to listener "Symfony\Component\HttpKernel\EventListener\ExceptionListener::onKernelException". [] []
[2019-03-07 20:33:20] request.ERROR: Uncaught PHP Exception Symfony\Component\HttpKernel\Exception\NotFoundHttpException: "No route found for "GET /bundles/ccc/js/assets/fullcalendar/fullcalendar/fullcalendar.js"" at F:\xampp\htdocs\ofertas\vendor\symfony\symfony\src\Symfony\Component\HttpKernel\EventListener\RouterListener.php line 116 {"exception":"[object] (Symfony\\Component\\HttpKernel\\Exception\\NotFoundHttpException: No route found for \"GET /bundles/ccc/js/assets/fullcalendar/fullcalendar/fullcalendar.js\" at F:\\xampp\\htdocs\\ofertas\\vendor\\symfony\\symfony\\src\\Symfony\\Component\\HttpKernel\\EventListener\\RouterListener.php:116, Symfony\\Component\\Routing\\Exception\\ResourceNotFoundException:  at F:\\xampp\\htdocs\\ofertas\\app\\cache\\prod\\appProdUrlMatcher.php:983)"} []
[2019-03-07 20:33:20] event.DEBUG: Notified event "kernel.request" to listener "closure". [] []
[2019-03-07 20:33:20] event.DEBUG: Notified event "kernel.request" to listener "Symfony\Bundle\FrameworkBundle\EventListener\SessionListener::onKernelRequest". [] []
[2019-03-07 20:33:20] event.DEBUG: Notified event "kernel.request" to listener "closure". [] []
[2019-03-07 20:33:20] event.DEBUG: Notified event "kernel.request" to listener "Symfony\Component\HttpKernel\EventListener\FragmentListener::onKernelRequest". [] []
[2019-03-07 20:33:20] event.DEBUG: Notified event "kernel.request" to listener "closure". [] []
[2019-03-07 20:33:20] event.DEBUG: Notified event "kernel.request" to listener "Symfony\Component\HttpKernel\EventListener\RouterListener::onKernelRequest". [] []
[2019-03-07 20:33:20] event.DEBUG: Notified event "kernel.request" to listener "closure". [] []
[2019-03-07 20:33:20] event.DEBUG: Notified event "kernel.request" to listener "Symfony\Component\HttpKernel\EventListener\LocaleListener::onKernelRequest". [] []
[2019-03-07 20:33:20] event.DEBUG: Notified event "kernel.request" to listener "closure". [] []
[2019-03-07 20:33:20] event.DEBUG: Notified event "kernel.request" to listener "Symfony\Component\Security\Http\Firewall::onKernelRequest". [] []
[2019-03-07 20:33:20] event.DEBUG: Notified event "kernel.request" to listener "closure". [] []
[2019-03-07 20:33:20] event.DEBUG: Notified event "kernel.request" to listener "Symfony\Component\HttpKernel\EventListener\ErrorsLoggerListener::injectLogger". [] []
[2019-03-07 20:33:20] event.DEBUG: Notified event "kernel.request" to listener "closure". [] []
[2019-03-07 20:33:20] event.DEBUG: Notified event "kernel.request" to listener "Symfony\Component\HttpKernel\EventListener\ErrorsLoggerListener::injectLogger". [] []
[2019-03-07 20:33:20] event.DEBUG: Notified event "kernel.controller" to listener "Sensio\Bundle\FrameworkExtraBundle\EventListener\ControllerListener::onKernelController". [] []
[2019-03-07 20:33:20] event.DEBUG: Notified event "kernel.controller" to listener "Sensio\Bundle\FrameworkExtraBundle\EventListener\ParamConverterListener::onKernelController". [] []
[2019-03-07 20:33:20] event.DEBUG: Notified event "kernel.controller" to listener "Sensio\Bundle\FrameworkExtraBundle\EventListener\TemplateListener::onKernelController". [] []
[2019-03-07 20:33:20] event.DEBUG: Notified event "kernel.response" to listener "Symfony\Component\HttpKernel\EventListener\ResponseListener::onKernelResponse". [] []
[2019-03-07 20:33:20] event.DEBUG: Notified event "kernel.response" to listener "Symfony\Component\Security\Http\RememberMe\ResponseListener::onKernelResponse". [] []
[2019-03-07 20:33:20] event.DEBUG: Notified event "kernel.response" to listener "Sensio\Bundle\FrameworkExtraBundle\EventListener\CacheListener::onKernelResponse". [] []
[2019-03-07 20:33:20] event.DEBUG: Notified event "kernel.response" to listener "Symfony\Component\HttpKernel\EventListener\StreamedResponseListener::onKernelResponse". [] []
[2019-03-07 20:33:20] event.DEBUG: Listener "Symfony\Component\HttpKernel\EventListener\ExceptionListener::onKernelException" stopped propagation of the event "kernel.exception". [] []
[2019-03-07 20:33:20] event.DEBUG: Notified event "kernel.response" to listener "Symfony\Component\HttpKernel\EventListener\ResponseListener::onKernelResponse". [] []
[2019-03-07 20:33:20] event.DEBUG: Notified event "kernel.response" to listener "Symfony\Component\Security\Http\RememberMe\ResponseListener::onKernelResponse". [] []
[2019-03-07 20:33:20] event.DEBUG: Notified event "kernel.response" to listener "Sensio\Bundle\FrameworkExtraBundle\EventListener\CacheListener::onKernelResponse". [] []
[2019-03-07 20:33:20] event.DEBUG: Notified event "kernel.response" to listener "Symfony\Component\HttpKernel\EventListener\StreamedResponseListener::onKernelResponse". [] []
[2019-03-07 20:33:20] event.DEBUG: Notified event "kernel.terminate" to listener "Symfony\Bundle\SwiftmailerBundle\EventListener\EmailSenderListener::onKernelTerminate". [] []
[2019-03-07 20:33:31] event.DEBUG: Notified event "kernel.request" to listener "Symfony\Bundle\FrameworkBundle\EventListener\SessionListener::onKernelRequest". [] []
[2019-03-07 20:33:31] event.DEBUG: Notified event "kernel.request" to listener "Symfony\Component\HttpKernel\EventListener\FragmentListener::onKernelRequest". [] []
[2019-03-07 20:33:31] event.DEBUG: Notified event "kernel.request" to listener "Symfony\Component\HttpKernel\EventListener\RouterListener::onKernelRequest". [] []
[2019-03-07 20:33:31] event.DEBUG: Notified event "kernel.exception" to listener "Symfony\Component\HttpKernel\EventListener\ExceptionListener::onKernelException". [] []
[2019-03-07 20:33:31] request.ERROR: Uncaught PHP Exception Symfony\Component\HttpKernel\Exception\NotFoundHttpException: "No route found for "GET /bundles/ccc/js/assets/fullcalendar/fullcalendar/fullcalendar.js"" at F:\xampp\htdocs\ofertas\app\cache\prod\classes.php line 1881 {"exception":"[object] (Symfony\\Component\\HttpKernel\\Exception\\NotFoundHttpException: No route found for \"GET /bundles/ccc/js/assets/fullcalendar/fullcalendar/fullcalendar.js\" at F:\\xampp\\htdocs\\ofertas\\app\\cache\\prod\\classes.php:1881, Symfony\\Component\\Routing\\Exception\\ResourceNotFoundException:  at F:\\xampp\\htdocs\\ofertas\\app\\cache\\prod\\appProdUrlMatcher.php:983)"} []
[2019-03-07 20:33:31] event.DEBUG: Notified event "kernel.request" to listener "closure". [] []
[2019-03-07 20:33:31] event.DEBUG: Notified event "kernel.request" to listener "Symfony\Bundle\FrameworkBundle\EventListener\SessionListener::onKernelRequest". [] []
[2019-03-07 20:33:31] event.DEBUG: Notified event "kernel.request" to listener "closure". [] []
[2019-03-07 20:33:31] event.DEBUG: Notified event "kernel.request" to listener "Symfony\Component\HttpKernel\EventListener\FragmentListener::onKernelRequest". [] []
[2019-03-07 20:33:31] event.DEBUG: Notified event "kernel.request" to listener "closure". [] []
[2019-03-07 20:33:31] event.DEBUG: Notified event "kernel.request" to listener "Symfony\Component\HttpKernel\EventListener\RouterListener::onKernelRequest". [] []
[2019-03-07 20:33:31] event.DEBUG: Notified event "kernel.request" to listener "closure". [] []
[2019-03-07 20:33:31] event.DEBUG: Notified event "kernel.request" to listener "Symfony\Component\HttpKernel\EventListener\LocaleListener::onKernelRequest". [] []
[2019-03-07 20:33:31] event.DEBUG: Notified event "kernel.request" to listener "closure". [] []
[2019-03-07 20:33:31] event.DEBUG: Notified event "kernel.request" to listener "Symfony\Component\Security\Http\Firewall::onKernelRequest". [] []
[2019-03-07 20:33:31] event.DEBUG: Notified event "kernel.request" to listener "closure". [] []
[2019-03-07 20:33:31] event.DEBUG: Notified event "kernel.request" to listener "Symfony\Component\HttpKernel\EventListener\ErrorsLoggerListener::injectLogger". [] []
[2019-03-07 20:33:31] event.DEBUG: Notified event "kernel.request" to listener "closure". [] []
[2019-03-07 20:33:31] event.DEBUG: Notified event "kernel.request" to listener "Symfony\Component\HttpKernel\EventListener\ErrorsLoggerListener::injectLogger". [] []
[2019-03-07 20:33:31] event.DEBUG: Notified event "kernel.controller" to listener "Sensio\Bundle\FrameworkExtraBundle\EventListener\ControllerListener::onKernelController". [] []
[2019-03-07 20:33:31] event.DEBUG: Notified event "kernel.controller" to listener "Sensio\Bundle\FrameworkExtraBundle\EventListener\ParamConverterListener::onKernelController". [] []
[2019-03-07 20:33:31] event.DEBUG: Notified event "kernel.controller" to listener "Sensio\Bundle\FrameworkExtraBundle\EventListener\TemplateListener::onKernelController". [] []
[2019-03-07 20:33:32] event.DEBUG: Notified event "kernel.response" to listener "Symfony\Component\HttpKernel\EventListener\ResponseListener::onKernelResponse". [] []
[2019-03-07 20:33:32] event.DEBUG: Notified event "kernel.response" to listener "Symfony\Component\Security\Http\RememberMe\ResponseListener::onKernelResponse". [] []
[2019-03-07 20:33:32] event.DEBUG: Notified event "kernel.response" to listener "Sensio\Bundle\FrameworkExtraBundle\EventListener\CacheListener::onKernelResponse". [] []
[2019-03-07 20:33:32] event.DEBUG: Notified event "kernel.response" to listener "Symfony\Component\HttpKernel\EventListener\StreamedResponseListener::onKernelResponse". [] []
[2019-03-07 20:33:32] event.DEBUG: Listener "Symfony\Component\HttpKernel\EventListener\ExceptionListener::onKernelException" stopped propagation of the event "kernel.exception". [] []
[2019-03-07 20:33:32] event.DEBUG: Notified event "kernel.response" to listener "Symfony\Component\HttpKernel\EventListener\ResponseListener::onKernelResponse". [] []
[2019-03-07 20:33:32] event.DEBUG: Notified event "kernel.response" to listener "Symfony\Component\Security\Http\RememberMe\ResponseListener::onKernelResponse". [] []
[2019-03-07 20:33:32] event.DEBUG: Notified event "kernel.response" to listener "Sensio\Bundle\FrameworkExtraBundle\EventListener\CacheListener::onKernelResponse". [] []
[2019-03-07 20:33:32] event.DEBUG: Notified event "kernel.response" to listener "Symfony\Component\HttpKernel\EventListener\StreamedResponseListener::onKernelResponse". [] []
[2019-03-07 20:33:32] event.DEBUG: Notified event "kernel.terminate" to listener "Symfony\Bundle\SwiftmailerBundle\EventListener\EmailSenderListener::onKernelTerminate". [] []
[2019-03-07 20:36:02] event.DEBUG: Notified event "kernel.request" to listener "Symfony\Bundle\FrameworkBundle\EventListener\SessionListener::onKernelRequest". [] []
[2019-03-07 20:36:02] event.DEBUG: Notified event "kernel.request" to listener "Symfony\Component\HttpKernel\EventListener\FragmentListener::onKernelRequest". [] []
[2019-03-07 20:36:02] event.DEBUG: Notified event "kernel.request" to listener "Symfony\Component\HttpKernel\EventListener\RouterListener::onKernelRequest". [] []
[2019-03-07 20:36:03] event.DEBUG: Notified event "kernel.exception" to listener "Symfony\Component\HttpKernel\EventListener\ExceptionListener::onKernelException". [] []
[2019-03-07 20:36:03] request.ERROR: Uncaught PHP Exception Symfony\Component\HttpKernel\Exception\NotFoundHttpException: "No route found for "GET /bundles/ccc/js/assets/fullcalendar/fullcalendar/fullcalendar.js"" at F:\xampp\htdocs\ofertas\app\cache\prod\classes.php line 1881 {"exception":"[object] (Symfony\\Component\\HttpKernel\\Exception\\NotFoundHttpException: No route found for \"GET /bundles/ccc/js/assets/fullcalendar/fullcalendar/fullcalendar.js\" at F:\\xampp\\htdocs\\ofertas\\app\\cache\\prod\\classes.php:1881, Symfony\\Component\\Routing\\Exception\\ResourceNotFoundException:  at F:\\xampp\\htdocs\\ofertas\\app\\cache\\prod\\appProdUrlMatcher.php:983)"} []
[2019-03-07 20:36:03] event.DEBUG: Notified event "kernel.request" to listener "closure". [] []
[2019-03-07 20:36:03] event.DEBUG: Notified event "kernel.request" to listener "Symfony\Bundle\FrameworkBundle\EventListener\SessionListener::onKernelRequest". [] []
[2019-03-07 20:36:03] event.DEBUG: Notified event "kernel.request" to listener "closure". [] []
[2019-03-07 20:36:03] event.DEBUG: Notified event "kernel.request" to listener "Symfony\Component\HttpKernel\EventListener\FragmentListener::onKernelRequest". [] []
[2019-03-07 20:36:03] event.DEBUG: Notified event "kernel.request" to listener "closure". [] []
[2019-03-07 20:36:03] event.DEBUG: Notified event "kernel.request" to listener "Symfony\Component\HttpKernel\EventListener\RouterListener::onKernelRequest". [] []
[2019-03-07 20:36:03] event.DEBUG: Notified event "kernel.request" to listener "closure". [] []
[2019-03-07 20:36:03] event.DEBUG: Notified event "kernel.request" to listener "Symfony\Component\HttpKernel\EventListener\LocaleListener::onKernelRequest". [] []
[2019-03-07 20:36:03] event.DEBUG: Notified event "kernel.request" to listener "closure". [] []
[2019-03-07 20:36:03] event.DEBUG: Notified event "kernel.request" to listener "Symfony\Component\Security\Http\Firewall::onKernelRequest". [] []
[2019-03-07 20:36:03] event.DEBUG: Notified event "kernel.request" to listener "closure". [] []
[2019-03-07 20:36:03] event.DEBUG: Notified event "kernel.request" to listener "Symfony\Component\HttpKernel\EventListener\ErrorsLoggerListener::injectLogger". [] []
[2019-03-07 20:36:03] event.DEBUG: Notified event "kernel.request" to listener "closure". [] []
[2019-03-07 20:36:03] event.DEBUG: Notified event "kernel.request" to listener "Symfony\Component\HttpKernel\EventListener\ErrorsLoggerListener::injectLogger". [] []
[2019-03-07 20:36:03] event.DEBUG: Notified event "kernel.controller" to listener "Sensio\Bundle\FrameworkExtraBundle\EventListener\ControllerListener::onKernelController". [] []
[2019-03-07 20:36:03] event.DEBUG: Notified event "kernel.controller" to listener "Sensio\Bundle\FrameworkExtraBundle\EventListener\ParamConverterListener::onKernelController". [] []
[2019-03-07 20:36:03] event.DEBUG: Notified event "kernel.controller" to listener "Sensio\Bundle\FrameworkExtraBundle\EventListener\TemplateListener::onKernelController". [] []
[2019-03-07 20:36:03] event.DEBUG: Notified event "kernel.response" to listener "Symfony\Component\HttpKernel\EventListener\ResponseListener::onKernelResponse". [] []
[2019-03-07 20:36:03] event.DEBUG: Notified event "kernel.response" to listener "Symfony\Component\Security\Http\RememberMe\ResponseListener::onKernelResponse". [] []
[2019-03-07 20:36:03] event.DEBUG: Notified event "kernel.response" to listener "Sensio\Bundle\FrameworkExtraBundle\EventListener\CacheListener::onKernelResponse". [] []
[2019-03-07 20:36:03] event.DEBUG: Notified event "kernel.response" to listener "Symfony\Component\HttpKernel\EventListener\StreamedResponseListener::onKernelResponse". [] []
[2019-03-07 20:36:03] event.DEBUG: Listener "Symfony\Component\HttpKernel\EventListener\ExceptionListener::onKernelException" stopped propagation of the event "kernel.exception". [] []
[2019-03-07 20:36:03] event.DEBUG: Notified event "kernel.response" to listener "Symfony\Component\HttpKernel\EventListener\ResponseListener::onKernelResponse". [] []
[2019-03-07 20:36:03] event.DEBUG: Notified event "kernel.response" to listener "Symfony\Component\Security\Http\RememberMe\ResponseListener::onKernelResponse". [] []
[2019-03-07 20:36:03] event.DEBUG: Notified event "kernel.response" to listener "Sensio\Bundle\FrameworkExtraBundle\EventListener\CacheListener::onKernelResponse". [] []
[2019-03-07 20:36:03] event.DEBUG: Notified event "kernel.response" to listener "Symfony\Component\HttpKernel\EventListener\StreamedResponseListener::onKernelResponse". [] []
[2019-03-07 20:36:03] event.DEBUG: Notified event "kernel.terminate" to listener "Symfony\Bundle\SwiftmailerBundle\EventListener\EmailSenderListener::onKernelTerminate". [] []
[2019-03-07 20:36:37] event.DEBUG: Notified event "kernel.request" to listener "Symfony\Bundle\FrameworkBundle\EventListener\SessionListener::onKernelRequest". [] []
[2019-03-07 20:36:37] event.DEBUG: Notified event "kernel.request" to listener "Symfony\Component\HttpKernel\EventListener\FragmentListener::onKernelRequest". [] []
[2019-03-07 20:36:37] event.DEBUG: Notified event "kernel.request" to listener "Symfony\Component\HttpKernel\EventListener\RouterListener::onKernelRequest". [] []
[2019-03-07 20:36:38] event.DEBUG: Notified event "kernel.exception" to listener "Symfony\Component\HttpKernel\EventListener\ExceptionListener::onKernelException". [] []
[2019-03-07 20:36:38] request.ERROR: Uncaught PHP Exception Symfony\Component\HttpKernel\Exception\NotFoundHttpException: "No route found for "GET /bundles/ccc/js/assets/fullcalendar/fullcalendar/fullcalendar.js"" at F:\xampp\htdocs\ofertas\app\cache\prod\classes.php line 1881 {"exception":"[object] (Symfony\\Component\\HttpKernel\\Exception\\NotFoundHttpException: No route found for \"GET /bundles/ccc/js/assets/fullcalendar/fullcalendar/fullcalendar.js\" at F:\\xampp\\htdocs\\ofertas\\app\\cache\\prod\\classes.php:1881, Symfony\\Component\\Routing\\Exception\\ResourceNotFoundException:  at F:\\xampp\\htdocs\\ofertas\\app\\cache\\prod\\appProdUrlMatcher.php:983)"} []
[2019-03-07 20:36:38] event.DEBUG: Notified event "kernel.request" to listener "closure". [] []
[2019-03-07 20:36:38] event.DEBUG: Notified event "kernel.request" to listener "Symfony\Bundle\FrameworkBundle\EventListener\SessionListener::onKernelRequest". [] []
[2019-03-07 20:36:38] event.DEBUG: Notified event "kernel.request" to listener "closure". [] []
[2019-03-07 20:36:38] event.DEBUG: Notified event "kernel.request" to listener "Symfony\Component\HttpKernel\EventListener\FragmentListener::onKernelRequest". [] []
[2019-03-07 20:36:38] event.DEBUG: Notified event "kernel.request" to listener "closure". [] []
[2019-03-07 20:36:38] event.DEBUG: Notified event "kernel.request" to listener "Symfony\Component\HttpKernel\EventListener\RouterListener::onKernelRequest". [] []
[2019-03-07 20:36:38] event.DEBUG: Notified event "kernel.request" to listener "closure". [] []
[2019-03-07 20:36:38] event.DEBUG: Notified event "kernel.request" to listener "Symfony\Component\HttpKernel\EventListener\LocaleListener::onKernelRequest". [] []
[2019-03-07 20:36:38] event.DEBUG: Notified event "kernel.request" to listener "closure". [] []
[2019-03-07 20:36:38] event.DEBUG: Notified event "kernel.request" to listener "Symfony\Component\Security\Http\Firewall::onKernelRequest". [] []
[2019-03-07 20:36:38] event.DEBUG: Notified event "kernel.request" to listener "closure". [] []
[2019-03-07 20:36:38] event.DEBUG: Notified event "kernel.request" to listener "Symfony\Component\HttpKernel\EventListener\ErrorsLoggerListener::injectLogger". [] []
[2019-03-07 20:36:38] event.DEBUG: Notified event "kernel.request" to listener "closure". [] []
[2019-03-07 20:36:38] event.DEBUG: Notified event "kernel.request" to listener "Symfony\Component\HttpKernel\EventListener\ErrorsLoggerListener::injectLogger". [] []
[2019-03-07 20:36:38] event.DEBUG: Notified event "kernel.controller" to listener "Sensio\Bundle\FrameworkExtraBundle\EventListener\ControllerListener::onKernelController". [] []
[2019-03-07 20:36:38] event.DEBUG: Notified event "kernel.controller" to listener "Sensio\Bundle\FrameworkExtraBundle\EventListener\ParamConverterListener::onKernelController". [] []
[2019-03-07 20:36:38] event.DEBUG: Notified event "kernel.controller" to listener "Sensio\Bundle\FrameworkExtraBundle\EventListener\TemplateListener::onKernelController". [] []
[2019-03-07 20:36:38] event.DEBUG: Notified event "kernel.response" to listener "Symfony\Component\HttpKernel\EventListener\ResponseListener::onKernelResponse". [] []
[2019-03-07 20:36:38] event.DEBUG: Notified event "kernel.response" to listener "Symfony\Component\Security\Http\RememberMe\ResponseListener::onKernelResponse". [] []
[2019-03-07 20:36:38] event.DEBUG: Notified event "kernel.response" to listener "Sensio\Bundle\FrameworkExtraBundle\EventListener\CacheListener::onKernelResponse". [] []
[2019-03-07 20:36:38] event.DEBUG: Notified event "kernel.response" to listener "Symfony\Component\HttpKernel\EventListener\StreamedResponseListener::onKernelResponse". [] []
[2019-03-07 20:36:38] event.DEBUG: Listener "Symfony\Component\HttpKernel\EventListener\ExceptionListener::onKernelException" stopped propagation of the event "kernel.exception". [] []
[2019-03-07 20:36:38] event.DEBUG: Notified event "kernel.response" to listener "Symfony\Component\HttpKernel\EventListener\ResponseListener::onKernelResponse". [] []
[2019-03-07 20:36:38] event.DEBUG: Notified event "kernel.response" to listener "Symfony\Component\Security\Http\RememberMe\ResponseListener::onKernelResponse". [] []
[2019-03-07 20:36:38] event.DEBUG: Notified event "kernel.response" to listener "Sensio\Bundle\FrameworkExtraBundle\EventListener\CacheListener::onKernelResponse". [] []
[2019-03-07 20:36:38] event.DEBUG: Notified event "kernel.response" to listener "Symfony\Component\HttpKernel\EventListener\StreamedResponseListener::onKernelResponse". [] []
[2019-03-07 20:36:38] event.DEBUG: Notified event "kernel.terminate" to listener "Symfony\Bundle\SwiftmailerBundle\EventListener\EmailSenderListener::onKernelTerminate". [] []
